[0.011s] Invoking command in '/overlay_ws/build/rrrbot_gazebo': AMENT_PREFIX_PATH=/overlay_ws/install/tutorial_interfaces:/overlay_ws/install/rrbot_description:${AMENT_PREFIX_PATH} CMAKE_PREFIX_PATH=/overlay_ws/install/tutorial_interfaces:/overlay_ws/install/rrbot_description:/opt/ros/humble LD_LIBRARY_PATH=/overlay_ws/install/tutorial_interfaces/lib:${LD_LIBRARY_PATH} PYTHONPATH=/overlay_ws/install/tutorial_interfaces/local/lib/python3.10/dist-packages:${PYTHONPATH} /usr/bin/cmake /overlay_ws/src/rrbot_simulation_files/rrrbot_gazebo -DCMAKE_INSTALL_PREFIX=/overlay_ws/install/rrrbot_gazebo
[0.091s] -- The C compiler identification is GNU 11.4.0
[0.145s] -- The CXX compiler identification is GNU 11.4.0
[0.152s] -- Detecting C compiler ABI info
[0.214s] -- Detecting C compiler ABI info - done
[0.222s] -- Check for working C compiler: /usr/bin/cc - skipped
[0.222s] -- Detecting C compile features
[0.222s] -- Detecting C compile features - done
[0.225s] -- Detecting CXX compiler ABI info
[0.300s] -- Detecting CXX compiler ABI info - done
[0.307s] -- Check for working CXX compiler: /usr/bin/c++ - skipped
[0.308s] -- Detecting CXX compile features
[0.308s] -- Detecting CXX compile features - done
[0.311s] -- Found ament_cmake: 1.3.9 (/opt/ros/humble/share/ament_cmake/cmake)
[0.448s] -- Found Python3: /usr/bin/python3 (found version "3.10.12") found components: Interpreter 
[0.878s] -- Found rclcpp: 16.0.9 (/opt/ros/humble/share/rclcpp/cmake)
[1.249s] -- Found rosidl_generator_c: 3.1.5 (/opt/ros/humble/share/rosidl_generator_c/cmake)
[1.254s] -- Found rosidl_adapter: 3.1.5 (/opt/ros/humble/share/rosidl_adapter/cmake)
[1.263s] -- Found rosidl_generator_cpp: 3.1.5 (/opt/ros/humble/share/rosidl_generator_cpp/cmake)
[1.277s] -- Using all available rosidl_typesupport_c: rosidl_typesupport_fastrtps_c;rosidl_typesupport_introspection_c
[1.297s] -- Using all available rosidl_typesupport_cpp: rosidl_typesupport_fastrtps_cpp;rosidl_typesupport_introspection_cpp
[2.024s] -- Found rmw_implementation_cmake: 6.1.2 (/opt/ros/humble/share/rmw_implementation_cmake/cmake)
[2.073s] -- Found rmw_fastrtps_cpp: 6.2.6 (/opt/ros/humble/share/rmw_fastrtps_cpp/cmake)
[2.703s] -- Found OpenSSL: /usr/lib/x86_64-linux-gnu/libcrypto.so (found version "3.0.2")  
[2.759s] -- Found FastRTPS: /opt/ros/humble/include  
[2.807s] -- Using RMW implementation 'rmw_fastrtps_cpp' as default
[2.897s] -- Looking for pthread.h
[2.971s] -- Looking for pthread.h - found
[2.972s] -- Performing Test CMAKE_HAVE_LIBC_PTHREAD
[3.040s] -- Performing Test CMAKE_HAVE_LIBC_PTHREAD - Success
[3.041s] -- Found Threads: TRUE  
[3.271s] -- Found geometry_msgs: 4.2.4 (/opt/ros/humble/share/geometry_msgs/cmake)
[3.328s] -- Found sensor_msgs: 4.2.4 (/opt/ros/humble/share/sensor_msgs/cmake)
[3.436s] -- Found tutorial_interfaces: 0.0.0 (/overlay_ws/install/tutorial_interfaces/share/tutorial_interfaces/cmake)
[3.484s] -- Found controller_manager_msgs: 2.41.0 (/opt/ros/humble/share/controller_manager_msgs/cmake)
[3.685s] -- Configuring done
[3.707s] -- Generating done
[3.709s] -- Build files have been written to: /overlay_ws/build/rrrbot_gazebo
[3.718s] Invoked command in '/overlay_ws/build/rrrbot_gazebo' returned '0': AMENT_PREFIX_PATH=/overlay_ws/install/tutorial_interfaces:/overlay_ws/install/rrbot_description:${AMENT_PREFIX_PATH} CMAKE_PREFIX_PATH=/overlay_ws/install/tutorial_interfaces:/overlay_ws/install/rrbot_description:/opt/ros/humble LD_LIBRARY_PATH=/overlay_ws/install/tutorial_interfaces/lib:${LD_LIBRARY_PATH} PYTHONPATH=/overlay_ws/install/tutorial_interfaces/local/lib/python3.10/dist-packages:${PYTHONPATH} /usr/bin/cmake /overlay_ws/src/rrbot_simulation_files/rrrbot_gazebo -DCMAKE_INSTALL_PREFIX=/overlay_ws/install/rrrbot_gazebo
[3.720s] Invoking command in '/overlay_ws/build/rrrbot_gazebo': AMENT_PREFIX_PATH=/overlay_ws/install/tutorial_interfaces:/overlay_ws/install/rrbot_description:${AMENT_PREFIX_PATH} CMAKE_PREFIX_PATH=/overlay_ws/install/tutorial_interfaces:/overlay_ws/install/rrbot_description:/opt/ros/humble LD_LIBRARY_PATH=/overlay_ws/install/tutorial_interfaces/lib:${LD_LIBRARY_PATH} PYTHONPATH=/overlay_ws/install/tutorial_interfaces/local/lib/python3.10/dist-packages:${PYTHONPATH} /usr/bin/cmake --build /overlay_ws/build/rrrbot_gazebo -- -j12 -l12
[3.772s] [ 25%] [32mBuilding CXX object CMakeFiles/publisher.dir/src/position_publisher.cpp.o[0m
[3.773s] [ 25%] [32mBuilding CXX object CMakeFiles/pos_control.dir/src/position_control.cpp.o[0m
[3.773s] [ 37%] [32mBuilding CXX object CMakeFiles/switch.dir/src/controller_switch.cpp.o[0m
[3.777s] [ 50%] [32mBuilding CXX object CMakeFiles/main_control.dir/src/main_controller.cpp.o[0m
[9.090s] [ 62%] [32m[1mLinking CXX executable switch[0m
[9.547s] [ 62%] Built target switch
[9.896s] [ 75%] [32m[1mLinking CXX executable publisher[0m
[10.117s] [ 75%] Built target publisher
[15.772s] [ 87%] [32m[1mLinking CXX executable pos_control[0m
[16.151s] [100%] [32m[1mLinking CXX executable main_control[0m
[16.977s] [100%] Built target pos_control
[17.003s] [100%] Built target main_control
[17.017s] Invoked command in '/overlay_ws/build/rrrbot_gazebo' returned '0': AMENT_PREFIX_PATH=/overlay_ws/install/tutorial_interfaces:/overlay_ws/install/rrbot_description:${AMENT_PREFIX_PATH} CMAKE_PREFIX_PATH=/overlay_ws/install/tutorial_interfaces:/overlay_ws/install/rrbot_description:/opt/ros/humble LD_LIBRARY_PATH=/overlay_ws/install/tutorial_interfaces/lib:${LD_LIBRARY_PATH} PYTHONPATH=/overlay_ws/install/tutorial_interfaces/local/lib/python3.10/dist-packages:${PYTHONPATH} /usr/bin/cmake --build /overlay_ws/build/rrrbot_gazebo -- -j12 -l12
[17.056s] Invoking command in '/overlay_ws/build/rrrbot_gazebo': AMENT_PREFIX_PATH=/overlay_ws/install/tutorial_interfaces:/overlay_ws/install/rrbot_description:${AMENT_PREFIX_PATH} CMAKE_PREFIX_PATH=/overlay_ws/install/tutorial_interfaces:/overlay_ws/install/rrbot_description:/opt/ros/humble LD_LIBRARY_PATH=/overlay_ws/install/tutorial_interfaces/lib:${LD_LIBRARY_PATH} PYTHONPATH=/overlay_ws/install/tutorial_interfaces/local/lib/python3.10/dist-packages:${PYTHONPATH} /usr/bin/cmake --install /overlay_ws/build/rrrbot_gazebo
[17.063s] -- Install configuration: ""
[17.063s] -- Installing: /overlay_ws/install/rrrbot_gazebo/lib/rrrbot_gazebo/publisher
[17.065s] -- Set runtime path of "/overlay_ws/install/rrrbot_gazebo/lib/rrrbot_gazebo/publisher" to ""
[17.065s] -- Installing: /overlay_ws/install/rrrbot_gazebo/lib/rrrbot_gazebo/switch
[17.066s] -- Set runtime path of "/overlay_ws/install/rrrbot_gazebo/lib/rrrbot_gazebo/switch" to ""
[17.066s] -- Installing: /overlay_ws/install/rrrbot_gazebo/lib/rrrbot_gazebo/pos_control
[17.069s] -- Set runtime path of "/overlay_ws/install/rrrbot_gazebo/lib/rrrbot_gazebo/pos_control" to ""
[17.069s] -- Installing: /overlay_ws/install/rrrbot_gazebo/lib/rrrbot_gazebo/main_control
[17.073s] -- Set runtime path of "/overlay_ws/install/rrrbot_gazebo/lib/rrrbot_gazebo/main_control" to ""
[17.073s] -- Installing: /overlay_ws/install/rrrbot_gazebo/share/rrrbot_gazebo/launch
[17.074s] -- Installing: /overlay_ws/install/rrrbot_gazebo/share/rrrbot_gazebo/launch/rrbot_world.launch.py
[17.142s] -- Installing: /overlay_ws/install/rrrbot_gazebo/share/rrrbot_gazebo/worlds
[17.142s] -- Installing: /overlay_ws/install/rrrbot_gazebo/share/rrrbot_gazebo/worlds/rrbot.world
[17.143s] -- Installing: /overlay_ws/install/rrrbot_gazebo/share/rrrbot_gazebo/config
[17.144s] -- Installing: /overlay_ws/install/rrrbot_gazebo/share/rrrbot_gazebo/config/controllers.yaml
[17.145s] -- Installing: /overlay_ws/install/rrrbot_gazebo/share/rrrbot_gazebo/config/gazebo_controllers.yaml
[17.197s] -- Installing: /overlay_ws/install/rrrbot_gazebo/share/ament_index/resource_index/package_run_dependencies/rrrbot_gazebo
[17.197s] -- Installing: /overlay_ws/install/rrrbot_gazebo/share/ament_index/resource_index/parent_prefix_path/rrrbot_gazebo
[17.197s] -- Installing: /overlay_ws/install/rrrbot_gazebo/share/rrrbot_gazebo/environment/ament_prefix_path.sh
[17.198s] -- Installing: /overlay_ws/install/rrrbot_gazebo/share/rrrbot_gazebo/environment/ament_prefix_path.dsv
[17.198s] -- Installing: /overlay_ws/install/rrrbot_gazebo/share/rrrbot_gazebo/environment/path.sh
[17.198s] -- Installing: /overlay_ws/install/rrrbot_gazebo/share/rrrbot_gazebo/environment/path.dsv
[17.198s] -- Installing: /overlay_ws/install/rrrbot_gazebo/share/rrrbot_gazebo/local_setup.bash
[17.198s] -- Installing: /overlay_ws/install/rrrbot_gazebo/share/rrrbot_gazebo/local_setup.sh
[17.198s] -- Installing: /overlay_ws/install/rrrbot_gazebo/share/rrrbot_gazebo/local_setup.zsh
[17.198s] -- Installing: /overlay_ws/install/rrrbot_gazebo/share/rrrbot_gazebo/local_setup.dsv
[17.199s] -- Installing: /overlay_ws/install/rrrbot_gazebo/share/rrrbot_gazebo/package.dsv
[17.199s] -- Installing: /overlay_ws/install/rrrbot_gazebo/share/ament_index/resource_index/packages/rrrbot_gazebo
[17.199s] -- Installing: /overlay_ws/install/rrrbot_gazebo/share/rrrbot_gazebo/cmake/rrrbot_gazeboConfig.cmake
[17.199s] -- Installing: /overlay_ws/install/rrrbot_gazebo/share/rrrbot_gazebo/cmake/rrrbot_gazeboConfig-version.cmake
[17.199s] -- Installing: /overlay_ws/install/rrrbot_gazebo/share/rrrbot_gazebo/package.xml
[17.202s] Invoked command in '/overlay_ws/build/rrrbot_gazebo' returned '0': AMENT_PREFIX_PATH=/overlay_ws/install/tutorial_interfaces:/overlay_ws/install/rrbot_description:${AMENT_PREFIX_PATH} CMAKE_PREFIX_PATH=/overlay_ws/install/tutorial_interfaces:/overlay_ws/install/rrbot_description:/opt/ros/humble LD_LIBRARY_PATH=/overlay_ws/install/tutorial_interfaces/lib:${LD_LIBRARY_PATH} PYTHONPATH=/overlay_ws/install/tutorial_interfaces/local/lib/python3.10/dist-packages:${PYTHONPATH} /usr/bin/cmake --install /overlay_ws/build/rrrbot_gazebo
