[0.117s] Invoking command in '/overlay_ws/build/rrbot_description': CMAKE_PREFIX_PATH=/opt/ros/humble /usr/bin/cmake /overlay_ws/src/rrbot_simulation_files/rrbot_description -DCMAKE_INSTALL_PREFIX=/overlay_ws/install/rrbot_description
[1.488s] -- The C compiler identification is GNU 11.4.0
[2.003s] -- The CXX compiler identification is GNU 11.4.0
[2.023s] -- Detecting C compiler ABI info
[2.261s] -- Detecting C compiler ABI info - done
[2.268s] -- Check for working C compiler: /usr/bin/cc - skipped
[2.269s] -- Detecting C compile features
[2.282s] -- Detecting C compile features - done
[2.291s] -- Detecting CXX compiler ABI info
[2.389s] -- Detecting CXX compiler ABI info - done
[2.400s] -- Check for working CXX compiler: /usr/bin/c++ - skipped
[2.400s] -- Detecting CXX compile features
[2.401s] -- Detecting CXX compile features - done
[2.532s] -- Found ament_cmake: 1.3.9 (/opt/ros/humble/share/ament_cmake/cmake)
[2.789s] -- Found Python3: /usr/bin/python3 (found version "3.10.12") found components: Interpreter 
[3.262s] -- Configuring done
[3.265s] -- Generating done
[3.266s] -- Build files have been written to: /overlay_ws/build/rrbot_description
[3.270s] Invoked command in '/overlay_ws/build/rrbot_description' returned '0': CMAKE_PREFIX_PATH=/opt/ros/humble /usr/bin/cmake /overlay_ws/src/rrbot_simulation_files/rrbot_description -DCMAKE_INSTALL_PREFIX=/overlay_ws/install/rrbot_description
[3.272s] Invoking command in '/overlay_ws/build/rrbot_description': CMAKE_PREFIX_PATH=/opt/ros/humble /usr/bin/cmake --build /overlay_ws/build/rrbot_description -- -j12 -l12
[3.307s] Invoked command in '/overlay_ws/build/rrbot_description' returned '0': CMAKE_PREFIX_PATH=/opt/ros/humble /usr/bin/cmake --build /overlay_ws/build/rrbot_description -- -j12 -l12
[3.339s] Invoking command in '/overlay_ws/build/rrbot_description': CMAKE_PREFIX_PATH=/opt/ros/humble /usr/bin/cmake --install /overlay_ws/build/rrbot_description
[3.347s] -- Install configuration: ""
[3.347s] -- Installing: /overlay_ws/install/rrbot_description/share/rrbot_description/config
[3.347s] -- Installing: /overlay_ws/install/rrbot_description/share/rrbot_description/config/rrbot.rviz
[3.357s] -- Installing: /overlay_ws/install/rrbot_description/share/rrbot_description/gazebo
[3.357s] -- Installing: /overlay_ws/install/rrbot_description/share/rrbot_description/gazebo/rrbot.materials.xacro
[3.358s] -- Installing: /overlay_ws/install/rrbot_description/share/rrbot_description/gazebo/rrbot.gazebo.xacro
[3.358s] -- Installing: /overlay_ws/install/rrbot_description/share/rrbot_description/meshes
[3.359s] -- Installing: /overlay_ws/install/rrbot_description/share/rrbot_description/meshes/hokuyo.dae
[3.389s] -- Installing: /overlay_ws/install/rrbot_description/share/rrbot_description/launch
[3.389s] -- Installing: /overlay_ws/install/rrbot_description/share/rrbot_description/launch/view_robot.launch.py
[3.389s] -- Installing: /overlay_ws/install/rrbot_description/share/rrbot_description/ros2_control
[3.390s] -- Installing: /overlay_ws/install/rrbot_description/share/rrbot_description/ros2_control/rrbot.ros2_control.xacro
[3.390s] -- Installing: /overlay_ws/install/rrbot_description/share/rrbot_description/urdf
[3.390s] -- Installing: /overlay_ws/install/rrbot_description/share/rrbot_description/urdf/rrbot.urdf.xacro
[3.392s] -- Installing: /overlay_ws/install/rrbot_description/share/rrbot_description/urdf/rrbot_description.urdf.xacro
[3.393s] -- Installing: /overlay_ws/install/rrbot_description/share/rrbot_description/environment/rrbot_description.dsv
[3.393s] -- Installing: /overlay_ws/install/rrbot_description/share/ament_index/resource_index/package_run_dependencies/rrbot_description
[3.394s] -- Installing: /overlay_ws/install/rrbot_description/share/ament_index/resource_index/parent_prefix_path/rrbot_description
[3.394s] -- Installing: /overlay_ws/install/rrbot_description/share/rrbot_description/environment/ament_prefix_path.sh
[3.394s] -- Installing: /overlay_ws/install/rrbot_description/share/rrbot_description/environment/ament_prefix_path.dsv
[3.394s] -- Installing: /overlay_ws/install/rrbot_description/share/rrbot_description/environment/path.sh
[3.394s] -- Installing: /overlay_ws/install/rrbot_description/share/rrbot_description/environment/path.dsv
[3.395s] -- Installing: /overlay_ws/install/rrbot_description/share/rrbot_description/local_setup.bash
[3.395s] -- Installing: /overlay_ws/install/rrbot_description/share/rrbot_description/local_setup.sh
[3.395s] -- Installing: /overlay_ws/install/rrbot_description/share/rrbot_description/local_setup.zsh
[3.395s] -- Installing: /overlay_ws/install/rrbot_description/share/rrbot_description/local_setup.dsv
[3.395s] -- Installing: /overlay_ws/install/rrbot_description/share/rrbot_description/package.dsv
[3.395s] -- Installing: /overlay_ws/install/rrbot_description/share/ament_index/resource_index/packages/rrbot_description
[3.396s] -- Installing: /overlay_ws/install/rrbot_description/share/rrbot_description/cmake/rrbot_descriptionConfig.cmake
[3.396s] -- Installing: /overlay_ws/install/rrbot_description/share/rrbot_description/cmake/rrbot_descriptionConfig-version.cmake
[3.396s] -- Installing: /overlay_ws/install/rrbot_description/share/rrbot_description/package.xml
[3.398s] Invoked command in '/overlay_ws/build/rrbot_description' returned '0': CMAKE_PREFIX_PATH=/opt/ros/humble /usr/bin/cmake --install /overlay_ws/build/rrbot_description
