[0.054s] Invoking command in '/overlay_ws/build/tutorial_interfaces': CMAKE_PREFIX_PATH=/opt/ros/humble /usr/bin/cmake /overlay_ws/src/tutorial_interfaces -DCMAKE_INSTALL_PREFIX=/overlay_ws/install/tutorial_interfaces
[1.419s] -- The C compiler identification is GNU 11.4.0
[1.934s] -- The CXX compiler identification is GNU 11.4.0
[1.954s] -- Detecting C compiler ABI info
[2.192s] -- Detecting C compiler ABI info - done
[2.199s] -- Check for working C compiler: /usr/bin/cc - skipped
[2.200s] -- Detecting C compile features
[2.213s] -- Detecting C compile features - done
[2.222s] -- Detecting CXX compiler ABI info
[2.316s] -- Detecting CXX compiler ABI info - done
[2.324s] -- Check for working CXX compiler: /usr/bin/c++ - skipped
[2.324s] -- Detecting CXX compile features
[2.324s] -- Detecting CXX compile features - done
[2.463s] -- Found ament_cmake: 1.3.9 (/opt/ros/humble/share/ament_cmake/cmake)
[2.721s] -- Found Python3: /usr/bin/python3 (found version "3.10.12") found components: Interpreter 
[3.114s] -- Found rosidl_default_generators: 1.2.0 (/opt/ros/humble/share/rosidl_default_generators/cmake)
[3.186s] -- Using all available rosidl_typesupport_c: rosidl_typesupport_fastrtps_c;rosidl_typesupport_introspection_c
[3.275s] -- Found rosidl_adapter: 3.1.5 (/opt/ros/humble/share/rosidl_adapter/cmake)
[3.764s] -- Using all available rosidl_typesupport_cpp: rosidl_typesupport_fastrtps_cpp;rosidl_typesupport_introspection_cpp
[4.176s] -- Found ament_cmake_ros: 0.10.0 (/opt/ros/humble/share/ament_cmake_ros/cmake)
[4.358s] -- Using all available rosidl_typesupport_c: rosidl_typesupport_fastrtps_c;rosidl_typesupport_introspection_c
[4.585s] -- Using all available rosidl_typesupport_cpp: rosidl_typesupport_fastrtps_cpp;rosidl_typesupport_introspection_cpp
[4.794s] -- Found PythonInterp: /usr/bin/python3 (found suitable version "3.10.12", minimum required is "3.6") 
[4.903s] -- Found python_cmake_module: 0.10.0 (/opt/ros/humble/share/python_cmake_module/cmake)
[5.162s] -- Found PythonLibs: /usr/lib/x86_64-linux-gnu/libpython3.10.so (found suitable version "3.10.12", minimum required is "3.5") 
[5.162s] -- Using PYTHON_EXECUTABLE: /usr/bin/python3
[5.162s] -- Using PYTHON_INCLUDE_DIRS: /usr/include/python3.10
[5.163s] -- Using PYTHON_LIBRARIES: /usr/lib/x86_64-linux-gnu/libpython3.10.so
[5.186s] -- Found PythonExtra: .so  
[5.223s] -- Found ament_lint_auto: 0.12.11 (/opt/ros/humble/share/ament_lint_auto/cmake)
[5.289s] -- Added test 'lint_cmake' to check CMake code style
[5.361s] -- Added test 'xmllint' to check XML markup files
[5.404s] -- Configuring done
[5.449s] -- Generating done
[5.453s] -- Build files have been written to: /overlay_ws/build/tutorial_interfaces
[5.459s] Invoked command in '/overlay_ws/build/tutorial_interfaces' returned '0': CMAKE_PREFIX_PATH=/opt/ros/humble /usr/bin/cmake /overlay_ws/src/tutorial_interfaces -DCMAKE_INSTALL_PREFIX=/overlay_ws/install/tutorial_interfaces
[5.461s] Invoking command in '/overlay_ws/build/tutorial_interfaces': CMAKE_PREFIX_PATH=/opt/ros/humble /usr/bin/cmake --build /overlay_ws/build/tutorial_interfaces -- -j12 -l12
[5.503s] [  3%] [34m[1mGenerating C code for ROS interfaces[0m
[5.513s] [  6%] [34m[1mGenerating C++ code for ROS interfaces[0m
[5.523s] [  6%] Built target ament_cmake_python_copy_tutorial_interfaces
[5.807s] running egg_info
[5.808s] creating tutorial_interfaces.egg-info
[5.808s] writing tutorial_interfaces.egg-info/PKG-INFO
[5.809s] writing dependency_links to tutorial_interfaces.egg-info/dependency_links.txt
[5.809s] writing top-level names to tutorial_interfaces.egg-info/top_level.txt
[5.809s] writing manifest file 'tutorial_interfaces.egg-info/SOURCES.txt'
[5.812s] reading manifest file 'tutorial_interfaces.egg-info/SOURCES.txt'
[5.813s] writing manifest file 'tutorial_interfaces.egg-info/SOURCES.txt'
[5.837s] [  6%] Built target ament_cmake_python_build_tutorial_interfaces_egg
[5.870s] [  6%] Built target tutorial_interfaces__cpp
[5.880s] [ 16%] [34m[1mGenerating C++ type support for eProsima Fast-RTPS[0m
[5.880s] [ 16%] [34m[1mGenerating C++ type support dispatch for ROS interfaces[0m
[5.880s] [ 16%] [34m[1mGenerating C++ introspection for ROS interfaces[0m
[5.961s] [ 19%] [32mBuilding C object CMakeFiles/tutorial_interfaces__rosidl_generator_c.dir/rosidl_generator_c/tutorial_interfaces/srv/detail/position_control__functions.c.o[0m
[6.176s] [ 22%] [32mBuilding CXX object CMakeFiles/tutorial_interfaces__rosidl_typesupport_cpp.dir/rosidl_typesupport_cpp/tutorial_interfaces/srv/position_control__type_support.cpp.o[0m
[6.200s] [ 25%] [32mBuilding CXX object CMakeFiles/tutorial_interfaces__rosidl_typesupport_fastrtps_cpp.dir/rosidl_typesupport_fastrtps_cpp/tutorial_interfaces/srv/detail/dds_fastrtps/position_control__type_support.cpp.o[0m
[6.211s] [ 29%] [32m[1mLinking C shared library libtutorial_interfaces__rosidl_generator_c.so[0m
[6.223s] [ 32%] [32mBuilding CXX object CMakeFiles/tutorial_interfaces__rosidl_typesupport_introspection_cpp.dir/rosidl_typesupport_introspection_cpp/tutorial_interfaces/srv/detail/position_control__type_support.cpp.o[0m
[6.259s] [ 32%] Built target tutorial_interfaces__rosidl_generator_c
[6.269s] [ 41%] [34m[1mGenerating C introspection for ROS interfaces[0m
[6.269s] [ 41%] [34m[1mGenerating C type support for eProsima Fast-RTPS[0m
[6.269s] [ 41%] [34m[1mGenerating C type support dispatch for ROS interfaces[0m
[6.652s] [ 45%] [32mBuilding CXX object CMakeFiles/tutorial_interfaces__rosidl_typesupport_c.dir/rosidl_typesupport_c/tutorial_interfaces/srv/position_control__type_support.cpp.o[0m
[6.703s] [ 48%] [32mBuilding CXX object CMakeFiles/tutorial_interfaces__rosidl_typesupport_fastrtps_c.dir/rosidl_typesupport_fastrtps_c/tutorial_interfaces/srv/detail/position_control__type_support_c.cpp.o[0m
[6.706s] [ 51%] [32mBuilding C object CMakeFiles/tutorial_interfaces__rosidl_typesupport_introspection_c.dir/rosidl_typesupport_introspection_c/tutorial_interfaces/srv/detail/position_control__type_support.c.o[0m
[6.746s] [ 54%] [32m[1mLinking C shared library libtutorial_interfaces__rosidl_typesupport_introspection_c.so[0m
[6.780s] [ 54%] Built target tutorial_interfaces__rosidl_typesupport_introspection_c
[6.839s] [ 58%] [32m[1mLinking CXX shared library libtutorial_interfaces__rosidl_typesupport_c.so[0m
[6.879s] [ 58%] Built target tutorial_interfaces__rosidl_typesupport_c
[6.984s] [ 61%] [32m[1mLinking CXX shared library libtutorial_interfaces__rosidl_typesupport_cpp.so[0m
[7.042s] [ 61%] Built target tutorial_interfaces__rosidl_typesupport_cpp
[7.192s] [ 64%] [32m[1mLinking CXX shared library libtutorial_interfaces__rosidl_typesupport_fastrtps_c.so[0m
[7.203s] [ 67%] [32m[1mLinking CXX shared library libtutorial_interfaces__rosidl_typesupport_fastrtps_cpp.so[0m
[7.220s] [ 70%] [32m[1mLinking CXX shared library libtutorial_interfaces__rosidl_typesupport_introspection_cpp.so[0m
[7.274s] [ 70%] Built target tutorial_interfaces__rosidl_typesupport_introspection_cpp
[7.292s] [ 70%] Built target tutorial_interfaces__rosidl_typesupport_fastrtps_c
[7.295s] [ 70%] Built target tutorial_interfaces__rosidl_typesupport_fastrtps_cpp
[7.314s] [ 70%] Built target tutorial_interfaces
[7.332s] [ 74%] [34m[1mGenerating Python code for ROS interfaces[0m
[7.660s] [ 74%] Built target tutorial_interfaces__py
[7.678s] [ 77%] [32mBuilding C object CMakeFiles/tutorial_interfaces__rosidl_generator_py.dir/rosidl_generator_py/tutorial_interfaces/srv/_position_control_s.c.o[0m
[7.946s] [ 80%] [32m[1mLinking C shared library rosidl_generator_py/tutorial_interfaces/libtutorial_interfaces__rosidl_generator_py.so[0m
[7.982s] [ 80%] Built target tutorial_interfaces__rosidl_generator_py
[8.001s] [ 83%] [32mBuilding C object CMakeFiles/tutorial_interfaces__rosidl_typesupport_c__pyext.dir/rosidl_generator_py/tutorial_interfaces/_tutorial_interfaces_s.ep.rosidl_typesupport_c.c.o[0m
[8.002s] [ 90%] [32mBuilding C object CMakeFiles/tutorial_interfaces__rosidl_typesupport_introspection_c__pyext.dir/rosidl_generator_py/tutorial_interfaces/_tutorial_interfaces_s.ep.rosidl_typesupport_introspection_c.c.o[0m
[8.002s] [ 90%] [32mBuilding C object CMakeFiles/tutorial_interfaces__rosidl_typesupport_fastrtps_c__pyext.dir/rosidl_generator_py/tutorial_interfaces/_tutorial_interfaces_s.ep.rosidl_typesupport_fastrtps_c.c.o[0m
[8.093s] [ 96%] [32m[1mLinking C shared library rosidl_generator_py/tutorial_interfaces/tutorial_interfaces_s__rosidl_typesupport_introspection_c.cpython-310-x86_64-linux-gnu.so[0m
[8.093s] [ 96%] [32m[1mLinking C shared library rosidl_generator_py/tutorial_interfaces/tutorial_interfaces_s__rosidl_typesupport_c.cpython-310-x86_64-linux-gnu.so[0m
[8.098s] [100%] [32m[1mLinking C shared library rosidl_generator_py/tutorial_interfaces/tutorial_interfaces_s__rosidl_typesupport_fastrtps_c.cpython-310-x86_64-linux-gnu.so[0m
[8.124s] [100%] Built target tutorial_interfaces__rosidl_typesupport_introspection_c__pyext
[8.125s] [100%] Built target tutorial_interfaces__rosidl_typesupport_c__pyext
[8.131s] [100%] Built target tutorial_interfaces__rosidl_typesupport_fastrtps_c__pyext
[8.142s] Invoked command in '/overlay_ws/build/tutorial_interfaces' returned '0': CMAKE_PREFIX_PATH=/opt/ros/humble /usr/bin/cmake --build /overlay_ws/build/tutorial_interfaces -- -j12 -l12
[8.206s] Invoking command in '/overlay_ws/build/tutorial_interfaces': CMAKE_PREFIX_PATH=/opt/ros/humble /usr/bin/cmake --install /overlay_ws/build/tutorial_interfaces
[8.213s] -- Install configuration: ""
[8.213s] -- Installing: /overlay_ws/install/tutorial_interfaces/share/ament_index/resource_index/rosidl_interfaces/tutorial_interfaces
[8.213s] -- Installing: /overlay_ws/install/tutorial_interfaces/include/tutorial_interfaces/tutorial_interfaces
[8.214s] -- Installing: /overlay_ws/install/tutorial_interfaces/include/tutorial_interfaces/tutorial_interfaces/msg
[8.214s] -- Installing: /overlay_ws/install/tutorial_interfaces/include/tutorial_interfaces/tutorial_interfaces/msg/rosidl_generator_c__visibility_control.h
[8.214s] -- Installing: /overlay_ws/install/tutorial_interfaces/include/tutorial_interfaces/tutorial_interfaces/srv
[8.214s] -- Installing: /overlay_ws/install/tutorial_interfaces/include/tutorial_interfaces/tutorial_interfaces/srv/position_control.h
[8.214s] -- Installing: /overlay_ws/install/tutorial_interfaces/include/tutorial_interfaces/tutorial_interfaces/srv/detail
[8.215s] -- Installing: /overlay_ws/install/tutorial_interfaces/include/tutorial_interfaces/tutorial_interfaces/srv/detail/position_control__struct.h
[8.215s] -- Installing: /overlay_ws/install/tutorial_interfaces/include/tutorial_interfaces/tutorial_interfaces/srv/detail/position_control__functions.h
[8.215s] -- Installing: /overlay_ws/install/tutorial_interfaces/include/tutorial_interfaces/tutorial_interfaces/srv/detail/position_control__functions.c
[8.215s] -- Installing: /overlay_ws/install/tutorial_interfaces/include/tutorial_interfaces/tutorial_interfaces/srv/detail/position_control__type_support.h
[8.215s] -- Installing: /overlay_ws/install/tutorial_interfaces/share/tutorial_interfaces/environment/library_path.sh
[8.216s] -- Installing: /overlay_ws/install/tutorial_interfaces/share/tutorial_interfaces/environment/library_path.dsv
[8.216s] -- Installing: /overlay_ws/install/tutorial_interfaces/lib/libtutorial_interfaces__rosidl_generator_c.so
[8.216s] -- Set runtime path of "/overlay_ws/install/tutorial_interfaces/lib/libtutorial_interfaces__rosidl_generator_c.so" to ""
[8.217s] -- Up-to-date: /overlay_ws/install/tutorial_interfaces/include/tutorial_interfaces/tutorial_interfaces
[8.217s] -- Up-to-date: /overlay_ws/install/tutorial_interfaces/include/tutorial_interfaces/tutorial_interfaces/msg
[8.217s] -- Installing: /overlay_ws/install/tutorial_interfaces/include/tutorial_interfaces/tutorial_interfaces/msg/rosidl_typesupport_fastrtps_c__visibility_control.h
[8.217s] -- Up-to-date: /overlay_ws/install/tutorial_interfaces/include/tutorial_interfaces/tutorial_interfaces/srv
[8.217s] -- Up-to-date: /overlay_ws/install/tutorial_interfaces/include/tutorial_interfaces/tutorial_interfaces/srv/detail
[8.217s] -- Installing: /overlay_ws/install/tutorial_interfaces/include/tutorial_interfaces/tutorial_interfaces/srv/detail/position_control__rosidl_typesupport_fastrtps_c.h
[8.218s] -- Installing: /overlay_ws/install/tutorial_interfaces/lib/libtutorial_interfaces__rosidl_typesupport_fastrtps_c.so
[8.218s] -- Set runtime path of "/overlay_ws/install/tutorial_interfaces/lib/libtutorial_interfaces__rosidl_typesupport_fastrtps_c.so" to ""
[8.218s] -- Up-to-date: /overlay_ws/install/tutorial_interfaces/include/tutorial_interfaces/tutorial_interfaces
[8.218s] -- Up-to-date: /overlay_ws/install/tutorial_interfaces/include/tutorial_interfaces/tutorial_interfaces/msg
[8.218s] -- Installing: /overlay_ws/install/tutorial_interfaces/include/tutorial_interfaces/tutorial_interfaces/msg/rosidl_typesupport_introspection_c__visibility_control.h
[8.218s] -- Up-to-date: /overlay_ws/install/tutorial_interfaces/include/tutorial_interfaces/tutorial_interfaces/srv
[8.219s] -- Up-to-date: /overlay_ws/install/tutorial_interfaces/include/tutorial_interfaces/tutorial_interfaces/srv/detail
[8.219s] -- Installing: /overlay_ws/install/tutorial_interfaces/include/tutorial_interfaces/tutorial_interfaces/srv/detail/position_control__type_support.c
[8.219s] -- Installing: /overlay_ws/install/tutorial_interfaces/include/tutorial_interfaces/tutorial_interfaces/srv/detail/position_control__rosidl_typesupport_introspection_c.h
[8.219s] -- Installing: /overlay_ws/install/tutorial_interfaces/lib/libtutorial_interfaces__rosidl_typesupport_introspection_c.so
[8.219s] -- Set runtime path of "/overlay_ws/install/tutorial_interfaces/lib/libtutorial_interfaces__rosidl_typesupport_introspection_c.so" to ""
[8.220s] -- Installing: /overlay_ws/install/tutorial_interfaces/lib/libtutorial_interfaces__rosidl_typesupport_c.so
[8.220s] -- Set runtime path of "/overlay_ws/install/tutorial_interfaces/lib/libtutorial_interfaces__rosidl_typesupport_c.so" to ""
[8.220s] -- Up-to-date: /overlay_ws/install/tutorial_interfaces/include/tutorial_interfaces/tutorial_interfaces
[8.220s] -- Up-to-date: /overlay_ws/install/tutorial_interfaces/include/tutorial_interfaces/tutorial_interfaces/srv
[8.220s] -- Installing: /overlay_ws/install/tutorial_interfaces/include/tutorial_interfaces/tutorial_interfaces/srv/position_control.hpp
[8.220s] -- Up-to-date: /overlay_ws/install/tutorial_interfaces/include/tutorial_interfaces/tutorial_interfaces/srv/detail
[8.220s] -- Installing: /overlay_ws/install/tutorial_interfaces/include/tutorial_interfaces/tutorial_interfaces/srv/detail/position_control__traits.hpp
[8.221s] -- Installing: /overlay_ws/install/tutorial_interfaces/include/tutorial_interfaces/tutorial_interfaces/srv/detail/position_control__struct.hpp
[8.221s] -- Installing: /overlay_ws/install/tutorial_interfaces/include/tutorial_interfaces/tutorial_interfaces/srv/detail/position_control__builder.hpp
[8.221s] -- Up-to-date: /overlay_ws/install/tutorial_interfaces/include/tutorial_interfaces/tutorial_interfaces
[8.221s] -- Up-to-date: /overlay_ws/install/tutorial_interfaces/include/tutorial_interfaces/tutorial_interfaces/msg
[8.221s] -- Installing: /overlay_ws/install/tutorial_interfaces/include/tutorial_interfaces/tutorial_interfaces/msg/rosidl_typesupport_fastrtps_cpp__visibility_control.h
[8.221s] -- Up-to-date: /overlay_ws/install/tutorial_interfaces/include/tutorial_interfaces/tutorial_interfaces/srv
[8.221s] -- Up-to-date: /overlay_ws/install/tutorial_interfaces/include/tutorial_interfaces/tutorial_interfaces/srv/detail
[8.221s] -- Installing: /overlay_ws/install/tutorial_interfaces/include/tutorial_interfaces/tutorial_interfaces/srv/detail/dds_fastrtps
[8.222s] -- Installing: /overlay_ws/install/tutorial_interfaces/include/tutorial_interfaces/tutorial_interfaces/srv/detail/position_control__rosidl_typesupport_fastrtps_cpp.hpp
[8.222s] -- Installing: /overlay_ws/install/tutorial_interfaces/lib/libtutorial_interfaces__rosidl_typesupport_fastrtps_cpp.so
[8.222s] -- Set runtime path of "/overlay_ws/install/tutorial_interfaces/lib/libtutorial_interfaces__rosidl_typesupport_fastrtps_cpp.so" to ""
[8.222s] -- Up-to-date: /overlay_ws/install/tutorial_interfaces/include/tutorial_interfaces/tutorial_interfaces
[8.222s] -- Up-to-date: /overlay_ws/install/tutorial_interfaces/include/tutorial_interfaces/tutorial_interfaces/srv
[8.222s] -- Up-to-date: /overlay_ws/install/tutorial_interfaces/include/tutorial_interfaces/tutorial_interfaces/srv/detail
[8.222s] -- Installing: /overlay_ws/install/tutorial_interfaces/include/tutorial_interfaces/tutorial_interfaces/srv/detail/position_control__type_support.cpp
[8.222s] -- Installing: /overlay_ws/install/tutorial_interfaces/include/tutorial_interfaces/tutorial_interfaces/srv/detail/position_control__rosidl_typesupport_introspection_cpp.hpp
[8.222s] -- Installing: /overlay_ws/install/tutorial_interfaces/lib/libtutorial_interfaces__rosidl_typesupport_introspection_cpp.so
[8.222s] -- Set runtime path of "/overlay_ws/install/tutorial_interfaces/lib/libtutorial_interfaces__rosidl_typesupport_introspection_cpp.so" to ""
[8.222s] -- Installing: /overlay_ws/install/tutorial_interfaces/lib/libtutorial_interfaces__rosidl_typesupport_cpp.so
[8.223s] -- Set runtime path of "/overlay_ws/install/tutorial_interfaces/lib/libtutorial_interfaces__rosidl_typesupport_cpp.so" to ""
[8.223s] -- Installing: /overlay_ws/install/tutorial_interfaces/share/tutorial_interfaces/environment/pythonpath.sh
[8.223s] -- Installing: /overlay_ws/install/tutorial_interfaces/share/tutorial_interfaces/environment/pythonpath.dsv
[8.223s] -- Installing: /overlay_ws/install/tutorial_interfaces/local/lib/python3.10/dist-packages/tutorial_interfaces-0.0.0-py3.10.egg-info
[8.224s] -- Installing: /overlay_ws/install/tutorial_interfaces/local/lib/python3.10/dist-packages/tutorial_interfaces-0.0.0-py3.10.egg-info/SOURCES.txt
[8.224s] -- Installing: /overlay_ws/install/tutorial_interfaces/local/lib/python3.10/dist-packages/tutorial_interfaces-0.0.0-py3.10.egg-info/PKG-INFO
[8.224s] -- Installing: /overlay_ws/install/tutorial_interfaces/local/lib/python3.10/dist-packages/tutorial_interfaces-0.0.0-py3.10.egg-info/top_level.txt
[8.224s] -- Installing: /overlay_ws/install/tutorial_interfaces/local/lib/python3.10/dist-packages/tutorial_interfaces-0.0.0-py3.10.egg-info/dependency_links.txt
[8.224s] -- Installing: /overlay_ws/install/tutorial_interfaces/local/lib/python3.10/dist-packages/tutorial_interfaces
[8.225s] -- Installing: /overlay_ws/install/tutorial_interfaces/local/lib/python3.10/dist-packages/tutorial_interfaces/libtutorial_interfaces__rosidl_generator_py.so
[8.225s] -- Installing: /overlay_ws/install/tutorial_interfaces/local/lib/python3.10/dist-packages/tutorial_interfaces/_tutorial_interfaces_s.ep.rosidl_typesupport_c.c
[8.225s] -- Installing: /overlay_ws/install/tutorial_interfaces/local/lib/python3.10/dist-packages/tutorial_interfaces/_tutorial_interfaces_s.ep.rosidl_typesupport_fastrtps_c.c
[8.225s] -- Installing: /overlay_ws/install/tutorial_interfaces/local/lib/python3.10/dist-packages/tutorial_interfaces/srv
[8.225s] -- Installing: /overlay_ws/install/tutorial_interfaces/local/lib/python3.10/dist-packages/tutorial_interfaces/srv/__init__.py
[8.225s] -- Installing: /overlay_ws/install/tutorial_interfaces/local/lib/python3.10/dist-packages/tutorial_interfaces/srv/_position_control.py
[8.225s] -- Installing: /overlay_ws/install/tutorial_interfaces/local/lib/python3.10/dist-packages/tutorial_interfaces/srv/_position_control_s.c
[8.225s] -- Installing: /overlay_ws/install/tutorial_interfaces/local/lib/python3.10/dist-packages/tutorial_interfaces/_tutorial_interfaces_s.ep.rosidl_typesupport_introspection_c.c
[8.225s] -- Installing: /overlay_ws/install/tutorial_interfaces/local/lib/python3.10/dist-packages/tutorial_interfaces/tutorial_interfaces_s__rosidl_typesupport_c.cpython-310-x86_64-linux-gnu.so
[8.225s] -- Installing: /overlay_ws/install/tutorial_interfaces/local/lib/python3.10/dist-packages/tutorial_interfaces/tutorial_interfaces_s__rosidl_typesupport_introspection_c.cpython-310-x86_64-linux-gnu.so
[8.225s] -- Installing: /overlay_ws/install/tutorial_interfaces/local/lib/python3.10/dist-packages/tutorial_interfaces/__init__.py
[8.225s] -- Installing: /overlay_ws/install/tutorial_interfaces/local/lib/python3.10/dist-packages/tutorial_interfaces/tutorial_interfaces_s__rosidl_typesupport_fastrtps_c.cpython-310-x86_64-linux-gnu.so
[8.271s] Listing '/overlay_ws/install/tutorial_interfaces/local/lib/python3.10/dist-packages/tutorial_interfaces'...
[8.271s] Compiling '/overlay_ws/install/tutorial_interfaces/local/lib/python3.10/dist-packages/tutorial_interfaces/__init__.py'...
[8.271s] Listing '/overlay_ws/install/tutorial_interfaces/local/lib/python3.10/dist-packages/tutorial_interfaces/srv'...
[8.271s] Compiling '/overlay_ws/install/tutorial_interfaces/local/lib/python3.10/dist-packages/tutorial_interfaces/srv/__init__.py'...
[8.271s] Compiling '/overlay_ws/install/tutorial_interfaces/local/lib/python3.10/dist-packages/tutorial_interfaces/srv/_position_control.py'...
[8.275s] -- Installing: /overlay_ws/install/tutorial_interfaces/local/lib/python3.10/dist-packages/tutorial_interfaces/tutorial_interfaces_s__rosidl_typesupport_fastrtps_c.cpython-310-x86_64-linux-gnu.so
[8.275s] -- Set runtime path of "/overlay_ws/install/tutorial_interfaces/local/lib/python3.10/dist-packages/tutorial_interfaces/tutorial_interfaces_s__rosidl_typesupport_fastrtps_c.cpython-310-x86_64-linux-gnu.so" to ""
[8.275s] -- Installing: /overlay_ws/install/tutorial_interfaces/local/lib/python3.10/dist-packages/tutorial_interfaces/tutorial_interfaces_s__rosidl_typesupport_introspection_c.cpython-310-x86_64-linux-gnu.so
[8.276s] -- Set runtime path of "/overlay_ws/install/tutorial_interfaces/local/lib/python3.10/dist-packages/tutorial_interfaces/tutorial_interfaces_s__rosidl_typesupport_introspection_c.cpython-310-x86_64-linux-gnu.so" to ""
[8.276s] -- Installing: /overlay_ws/install/tutorial_interfaces/local/lib/python3.10/dist-packages/tutorial_interfaces/tutorial_interfaces_s__rosidl_typesupport_c.cpython-310-x86_64-linux-gnu.so
[8.276s] -- Set runtime path of "/overlay_ws/install/tutorial_interfaces/local/lib/python3.10/dist-packages/tutorial_interfaces/tutorial_interfaces_s__rosidl_typesupport_c.cpython-310-x86_64-linux-gnu.so" to ""
[8.276s] -- Installing: /overlay_ws/install/tutorial_interfaces/lib/libtutorial_interfaces__rosidl_generator_py.so
[8.277s] -- Set runtime path of "/overlay_ws/install/tutorial_interfaces/lib/libtutorial_interfaces__rosidl_generator_py.so" to ""
[8.277s] -- Installing: /overlay_ws/install/tutorial_interfaces/share/tutorial_interfaces/srv/PositionControl.idl
[8.277s] -- Installing: /overlay_ws/install/tutorial_interfaces/share/tutorial_interfaces/srv/PositionControl.srv
[8.277s] -- Installing: /overlay_ws/install/tutorial_interfaces/share/tutorial_interfaces/srv/PositionControl_Request.msg
[8.278s] -- Installing: /overlay_ws/install/tutorial_interfaces/share/tutorial_interfaces/srv/PositionControl_Response.msg
[8.278s] -- Installing: /overlay_ws/install/tutorial_interfaces/share/ament_index/resource_index/package_run_dependencies/tutorial_interfaces
[8.278s] -- Installing: /overlay_ws/install/tutorial_interfaces/share/ament_index/resource_index/parent_prefix_path/tutorial_interfaces
[8.278s] -- Installing: /overlay_ws/install/tutorial_interfaces/share/tutorial_interfaces/environment/ament_prefix_path.sh
[8.279s] -- Installing: /overlay_ws/install/tutorial_interfaces/share/tutorial_interfaces/environment/ament_prefix_path.dsv
[8.279s] -- Installing: /overlay_ws/install/tutorial_interfaces/share/tutorial_interfaces/environment/path.sh
[8.279s] -- Installing: /overlay_ws/install/tutorial_interfaces/share/tutorial_interfaces/environment/path.dsv
[8.279s] -- Installing: /overlay_ws/install/tutorial_interfaces/share/tutorial_interfaces/local_setup.bash
[8.279s] -- Installing: /overlay_ws/install/tutorial_interfaces/share/tutorial_interfaces/local_setup.sh
[8.280s] -- Installing: /overlay_ws/install/tutorial_interfaces/share/tutorial_interfaces/local_setup.zsh
[8.280s] -- Installing: /overlay_ws/install/tutorial_interfaces/share/tutorial_interfaces/local_setup.dsv
[8.280s] -- Installing: /overlay_ws/install/tutorial_interfaces/share/tutorial_interfaces/package.dsv
[8.280s] -- Installing: /overlay_ws/install/tutorial_interfaces/share/ament_index/resource_index/packages/tutorial_interfaces
[8.280s] -- Installing: /overlay_ws/install/tutorial_interfaces/share/tutorial_interfaces/cmake/export_tutorial_interfaces__rosidl_generator_cExport.cmake
[8.281s] -- Installing: /overlay_ws/install/tutorial_interfaces/share/tutorial_interfaces/cmake/export_tutorial_interfaces__rosidl_generator_cExport-noconfig.cmake
[8.281s] -- Installing: /overlay_ws/install/tutorial_interfaces/share/tutorial_interfaces/cmake/export_tutorial_interfaces__rosidl_typesupport_fastrtps_cExport.cmake
[8.282s] -- Installing: /overlay_ws/install/tutorial_interfaces/share/tutorial_interfaces/cmake/export_tutorial_interfaces__rosidl_typesupport_fastrtps_cExport-noconfig.cmake
[8.282s] -- Installing: /overlay_ws/install/tutorial_interfaces/share/tutorial_interfaces/cmake/tutorial_interfaces__rosidl_typesupport_introspection_cExport.cmake
[8.282s] -- Installing: /overlay_ws/install/tutorial_interfaces/share/tutorial_interfaces/cmake/tutorial_interfaces__rosidl_typesupport_introspection_cExport-noconfig.cmake
[8.282s] -- Installing: /overlay_ws/install/tutorial_interfaces/share/tutorial_interfaces/cmake/tutorial_interfaces__rosidl_typesupport_cExport.cmake
[8.283s] -- Installing: /overlay_ws/install/tutorial_interfaces/share/tutorial_interfaces/cmake/tutorial_interfaces__rosidl_typesupport_cExport-noconfig.cmake
[8.283s] -- Installing: /overlay_ws/install/tutorial_interfaces/share/tutorial_interfaces/cmake/export_tutorial_interfaces__rosidl_generator_cppExport.cmake
[8.283s] -- Installing: /overlay_ws/install/tutorial_interfaces/share/tutorial_interfaces/cmake/export_tutorial_interfaces__rosidl_typesupport_fastrtps_cppExport.cmake
[8.284s] -- Installing: /overlay_ws/install/tutorial_interfaces/share/tutorial_interfaces/cmake/export_tutorial_interfaces__rosidl_typesupport_fastrtps_cppExport-noconfig.cmake
[8.284s] -- Installing: /overlay_ws/install/tutorial_interfaces/share/tutorial_interfaces/cmake/tutorial_interfaces__rosidl_typesupport_introspection_cppExport.cmake
[8.284s] -- Installing: /overlay_ws/install/tutorial_interfaces/share/tutorial_interfaces/cmake/tutorial_interfaces__rosidl_typesupport_introspection_cppExport-noconfig.cmake
[8.284s] -- Installing: /overlay_ws/install/tutorial_interfaces/share/tutorial_interfaces/cmake/tutorial_interfaces__rosidl_typesupport_cppExport.cmake
[8.285s] -- Installing: /overlay_ws/install/tutorial_interfaces/share/tutorial_interfaces/cmake/tutorial_interfaces__rosidl_typesupport_cppExport-noconfig.cmake
[8.285s] -- Installing: /overlay_ws/install/tutorial_interfaces/share/tutorial_interfaces/cmake/export_tutorial_interfaces__rosidl_generator_pyExport.cmake
[8.285s] -- Installing: /overlay_ws/install/tutorial_interfaces/share/tutorial_interfaces/cmake/export_tutorial_interfaces__rosidl_generator_pyExport-noconfig.cmake
[8.285s] -- Installing: /overlay_ws/install/tutorial_interfaces/share/tutorial_interfaces/cmake/rosidl_cmake-extras.cmake
[8.285s] -- Installing: /overlay_ws/install/tutorial_interfaces/share/tutorial_interfaces/cmake/ament_cmake_export_include_directories-extras.cmake
[8.285s] -- Installing: /overlay_ws/install/tutorial_interfaces/share/tutorial_interfaces/cmake/ament_cmake_export_libraries-extras.cmake
[8.285s] -- Installing: /overlay_ws/install/tutorial_interfaces/share/tutorial_interfaces/cmake/ament_cmake_export_targets-extras.cmake
[8.285s] -- Installing: /overlay_ws/install/tutorial_interfaces/share/tutorial_interfaces/cmake/rosidl_cmake_export_typesupport_targets-extras.cmake
[8.285s] -- Installing: /overlay_ws/install/tutorial_interfaces/share/tutorial_interfaces/cmake/ament_cmake_export_dependencies-extras.cmake
[8.286s] -- Installing: /overlay_ws/install/tutorial_interfaces/share/tutorial_interfaces/cmake/rosidl_cmake_export_typesupport_libraries-extras.cmake
[8.286s] -- Installing: /overlay_ws/install/tutorial_interfaces/share/tutorial_interfaces/cmake/tutorial_interfacesConfig.cmake
[8.286s] -- Installing: /overlay_ws/install/tutorial_interfaces/share/tutorial_interfaces/cmake/tutorial_interfacesConfig-version.cmake
[8.286s] -- Installing: /overlay_ws/install/tutorial_interfaces/share/tutorial_interfaces/package.xml
[8.287s] Invoked command in '/overlay_ws/build/tutorial_interfaces' returned '0': CMAKE_PREFIX_PATH=/opt/ros/humble /usr/bin/cmake --install /overlay_ws/build/tutorial_interfaces
